{
  "summary": {
    "serialization": {
      "error": "One or both benchmarks failed",
      "reflection_success": false,
      "traditional_success": true
    },
    "orm": {
      "error": "One or both benchmarks failed",
      "reflection_success": false,
      "traditional_success": true
    },
    "binding": {
      "error": "One or both benchmarks failed",
      "reflection_success": false,
      "traditional_success": true
    },
    "pattern": {
      "error": "One or both benchmarks failed",
      "reflection_success": false,
      "traditional_success": false
    },
    "template": {
      "error": "One or both benchmarks failed",
      "reflection_success": false,
      "traditional_success": true
    }
  },
  "detailed_results": {
    "serialization": [
      {
        "name": "serialization_reflection.cpp",
        "compilation_time": 2.845120668411255,
        "execution_time": 0,
        "binary_size": 0,
        "output": "Compilation failed:\\nC:/Users/P - K/Downloads/cpp prop/reflection_metaclasses_paper/implementation/benchmarks/serialization_reflection.cpp:13:61: error: expected ';' before '{' token\n   13 |     template<auto meta> constexpr auto data_members_of(meta) { return std::array<int, 3>{}; }\n      |                                                             ^~\n      |                                                             ;\nC:/Users/P - K/Downloads/cpp prop/reflection_metaclasses_paper/implementation/benchmarks/serialization_reflection.cpp: In member function 'void Person::from_json(const string&)':\nC:/Users/P - K/Downloads/cpp prop/reflection_metaclasses_paper/implementation/benchmarks/serialization_reflection.cpp:34:39: warning: unused parameter 'json' [-Wunused-parameter]\n   34 |     void from_json(const std::string& json) {\n      |                    ~~~~~~~~~~~~~~~~~~~^~~~\n",
        "success": false
      },
      {
        "name": "serialization_traditional.cpp",
        "compilation_time": 4.875269412994385,
        "execution_time": 0.828819990158081,
        "binary_size": 20769346,
        "output": "C:/Users/P - K/Downloads/cpp prop/reflection_metaclasses_paper/implementation/benchmarks/serialization_traditional.cpp: In member function 'void Person::from_json(const string&)':\nC:/Users/P - K/Downloads/cpp prop/reflection_metaclasses_paper/implementation/benchmarks/serialization_traditional.cpp:32:39: warning: unused parameter 'json' [-Wunused-parameter]\n   32 |     void from_json(const std::string& json) {\n      |                    ~~~~~~~~~~~~~~~~~~~^~~~\n\\nTraditional serialization: 35043 microseconds\nOperations per second: 2.85364e+06\n",
        "success": true
      }
    ],
    "orm": [
      {
        "name": "orm_reflection.cpp",
        "compilation_time": 1.659729242324829,
        "execution_time": 0,
        "binary_size": 0,
        "output": "Compilation failed:\\nC:/Users/P - K/Downloads/cpp prop/reflection_metaclasses_paper/implementation/benchmarks/orm_reflection.cpp:9:15: error: variable '$entity User' has initializer but incomplete type\n    9 | class $entity User {\n      |               ^~~~\nC:/Users/P - K/Downloads/cpp prop/reflection_metaclasses_paper/implementation/benchmarks/orm_reflection.cpp:10:1: error: expected primary-expression before 'public'\n   10 | public:\n      | ^~~~~~\nC:/Users/P - K/Downloads/cpp prop/reflection_metaclasses_paper/implementation/benchmarks/orm_reflection.cpp:10:1: error: expected '}' before 'public'\nC:/Users/P - K/Downloads/cpp prop/reflection_metaclasses_paper/implementation/benchmarks/orm_reflection.cpp:9:20: note: to match this '{'\n    9 | class $entity User {\n      |                    ^\nC:/Users/P - K/Downloads/cpp prop/reflection_metaclasses_paper/implementation/benchmarks/orm_reflection.cpp:10:1: error: expected ',' or ';' before 'public'\n   10 | public:\n      | ^~~~~~\nC:/Users/P - K/Downloads/cpp prop/reflection_metaclasses_paper/implementation/benchmarks/orm_reflection.cpp:17:33: error: non-member function 'std::string to_insert_sql()' cannot have cv-qualifier\n   17 |     std::string to_insert_sql() const {\n      |                                 ^~~~~\nC:/Users/P - K/Downloads/cpp prop/reflection_metaclasses_paper/implementation/benchmarks/orm_reflection.cpp: In function 'std::string to_insert_sql()':\nC:/Users/P - K/Downloads/cpp prop/reflection_metaclasses_paper/implementation/benchmarks/orm_reflection.cpp:19:31: error: 'id' was not declared in this scope\n   19 |                std::to_string(id) + \", '\" + username + \"', '\" + email + \"', \" +\n      |                               ^~\nC:/Users/P - K/Downloads/cpp prop/reflection_metaclasses_paper/implementation/benchmarks/orm_reflection.cpp: At global scope:\nC:/Users/P - K/Downloads/cpp prop/reflection_metaclasses_paper/implementation/benchmarks/orm_reflection.cpp:23:33: error: non-member function 'std::string to_update_sql()' cannot have cv-qualifier\n   23 |     std::string to_update_sql() const {\n      |                                 ^~~~~\nC:/Users/P - K/Downloads/cpp prop/reflection_metaclasses_paper/implementation/benchmarks/orm_reflection.cpp: In function 'std::string to_update_sql()':\nC:/Users/P - K/Downloads/cpp prop/reflection_metaclasses_paper/implementation/benchmarks/orm_reflection.cpp:25:80: error: 'id' was not declared in this scope\n   25 |                \"', age=\" + std::to_string(age) + \" WHERE id=\" + std::to_string(id);\n      |                                                                                ^~\nC:/Users/P - K/Downloads/cpp prop/reflection_metaclasses_paper/implementation/benchmarks/orm_reflection.cpp: At global scope:\nC:/Users/P - K/Downloads/cpp prop/reflection_metaclasses_paper/implementation/benchmarks/orm_reflection.cpp:31:1: error: expected declaration before '}' token\n   31 | };\n      | ^\nC:/Users/P - K/Downloads/cpp prop/reflection_metaclasses_paper/implementation/benchmarks/orm_reflection.cpp: In function 'void benchmark_orm_reflection()':\nC:/Users/P - K/Downloads/cpp prop/reflection_metaclasses_paper/implementation/benchmarks/orm_reflection.cpp:35:21: error: template argument 2 is invalid\n   35 |     std::vector<User> users;\n      |                     ^\nC:/Users/P - K/Downloads/cpp prop/reflection_metaclasses_paper/implementation/benchmarks/orm_reflection.cpp:36:11: error: request for member 'reserve' in 'users', which is of non-class type 'int'\n   36 |     users.reserve(iterations);\n      |           ^~~~~~~\nC:/Users/P - K/Downloads/cpp prop/reflection_metaclasses_paper/implementation/benchmarks/orm_reflection.cpp:40:13: error: expected ';' before 'user'\n   40 |         User user;\n      |             ^~~~~\n      |             ;\nC:/Users/P - K/Downloads/cpp prop/reflection_metaclasses_paper/implementation/benchmarks/orm_reflection.cpp:41:9: error: 'user' was not declared in this scope; did you mean 'users'?\n   41 |         user.id = i;\n      |         ^~~~\n      |         users\nC:/Users/P - K/Downloads/cpp prop/reflection_metaclasses_paper/implementation/benchmarks/orm_reflection.cpp:45:15: error: request for member 'push_back' in 'users', which is of non-class type 'int'\n   45 |         users.push_back(user);\n      |               ^~~~~~~~~\nC:/Users/P - K/Downloads/cpp prop/reflection_metaclasses_paper/implementation/benchmarks/orm_reflection.cpp:53:29: error: 'begin' was not declared in this scope\n   53 |     for (const auto& user : users) {\n      |                             ^~~~~\nC:/Users/P - K/Downloads/cpp prop/reflection_metaclasses_paper/implementation/benchmarks/orm_reflection.cpp:53:29: note: suggested alternatives:\nIn file included from c:\\msys64\\usr\\include\\c++\\10.3.0\\string:54,\n                 from c:\\msys64\\usr\\include\\c++\\10.3.0\\bits\\locale_classes.h:40,\n                 from c:\\msys64\\usr\\include\\c++\\10.3.0\\bits\\ios_base.h:41,\n                 from c:\\msys64\\usr\\include\\c++\\10.3.0\\ios:42,\n                 from c:\\msys64\\usr\\include\\c++\\10.3.0\\ostream:38,\n                 from c:\\msys64\\usr\\include\\c++\\10.3.0\\iostream:39,\n                 from C:/Users/P - K/Downloads/cpp prop/reflection_metaclasses_paper/implementation/benchmarks/orm_reflection.cpp:2:\nc:\\msys64\\usr\\include\\c++\\10.3.0\\bits\\range_access.h:108:37: note:   'std::begin'\n  108 |   template<typename _Tp> const _Tp* begin(const valarray<_Tp>&);\n      |                                     ^~~~~\nIn file included from c:\\msys64\\usr\\include\\c++\\10.3.0\\bits\\stl_iterator_base_types.h:71,\n                 from c:\\msys64\\usr\\include\\c++\\10.3.0\\bits\\stl_algobase.h:65,\n                 from c:\\msys64\\usr\\include\\c++\\10.3.0\\bits\\char_traits.h:39,\n                 from c:\\msys64\\usr\\include\\c++\\10.3.0\\ios:40,\n                 from c:\\msys64\\usr\\include\\c++\\10.3.0\\ostream:38,\n                 from c:\\msys64\\usr\\include\\c++\\10.3.0\\iostream:39,\n                 from C:/Users/P - K/Downloads/cpp prop/reflection_metaclasses_paper/implementation/benchmarks/orm_reflection.cpp:2:\nc:\\msys64\\usr\\include\\c++\\10.3.0\\bits\\iterator_concepts.h:896:10: note:   'std::__detail::begin'\n  896 |     void begin(const auto&) = delete;\n      |          ^~~~~\nIn file included from c:\\msys64\\usr\\include\\c++\\10.3.0\\string:54,\n                 from c:\\msys64\\usr\\include\\c++\\10.3.0\\bits\\locale_classes.h:40,\n                 from c:\\msys64\\usr\\include\\c++\\10.3.0\\bits\\ios_base.h:41,\n                 from c:\\msys64\\usr\\include\\c++\\10.3.0\\ios:42,\n                 from c:\\msys64\\usr\\include\\c++\\10.3.0\\ostream:38,\n                 from c:\\msys64\\usr\\include\\c++\\10.3.0\\iostream:39,\n                 from C:/Users/P - K/Downloads/cpp prop/reflection_metaclasses_paper/implementation/benchmarks/orm_reflection.cpp:2:\nc:\\msys64\\usr\\include\\c++\\10.3.0\\bits\\range_access.h:855:44: note:   'std::ranges::__cust::begin'\n  855 |     inline constexpr __cust_access::_Begin begin{};\n      |                                            ^~~~~\nC:/Users/P - K/Downloads/cpp prop/reflection_metaclasses_paper/implementation/benchmarks/orm_reflection.cpp:53:29: error: 'end' was not declared in this scope\n   53 |     for (const auto& user : users) {\n      |                             ^~~~~\nC:/Users/P - K/Downloads/cpp prop/reflection_metaclasses_paper/implementation/benchmarks/orm_reflection.cpp:53:29: note: suggested alternatives:\nIn file included from c:\\msys64\\usr\\include\\c++\\10.3.0\\string:54,\n                 from c:\\msys64\\usr\\include\\c++\\10.3.0\\bits\\locale_classes.h:40,\n                 from c:\\msys64\\usr\\include\\c++\\10.3.0\\bits\\ios_base.h:41,\n                 from c:\\msys64\\usr\\include\\c++\\10.3.0\\ios:42,\n                 from c:\\msys64\\usr\\include\\c++\\10.3.0\\ostream:38,\n                 from c:\\msys64\\usr\\include\\c++\\10.3.0\\iostream:39,\n                 from C:/Users/P - K/Downloads/cpp prop/reflection_metaclasses_paper/implementation/benchmarks/orm_reflection.cpp:2:\nc:\\msys64\\usr\\include\\c++\\10.3.0\\bits\\range_access.h:110:37: note:   'std::end'\n  110 |   template<typename _Tp> const _Tp* end(const valarray<_Tp>&);\n      |                                     ^~~\nc:\\msys64\\usr\\include\\c++\\10.3.0\\bits\\range_access.h:856:42: note:   'std::ranges::__cust::end'\n  856 |     inline constexpr __cust_access::_End end{};\n      |                                          ^~~\nc:\\msys64\\usr\\include\\c++\\10.3.0\\bits\\range_access.h:434:10: note:   'std::ranges::__cust_access::end'\n  434 |     void end(const auto&) = delete;\n      |          ^~~\nC:/Users/P - K/Downloads/cpp prop/reflection_metaclasses_paper/implementation/benchmarks/orm_reflection.cpp: At global scope:\nC:/Users/P - K/Downloads/cpp prop/reflection_metaclasses_paper/implementation/benchmarks/orm_reflection.cpp:28:24: warning: 'std::string select_all_sql()' defined but not used [-Wunused-function]\n   28 |     static std::string select_all_sql() {\n      |                        ^~~~~~~~~~~~~~\n",
        "success": false
      },
      {
        "name": "orm_traditional.cpp",
        "compilation_time": 2.6986773014068604,
        "execution_time": 0.7383098602294922,
        "binary_size": 19456896,
        "output": "\\nORM Traditional: 10571 microseconds\nSQL generations per second: 4.72992e+06\n",
        "success": true
      }
    ],
    "binding": [
      {
        "name": "binding_reflection.cpp",
        "compilation_time": 0.8570315837860107,
        "execution_time": 0,
        "binary_size": 0,
        "output": "Compilation failed:\\nC:/Users/P - K/Downloads/cpp prop/reflection_metaclasses_paper/implementation/benchmarks/binding_reflection.cpp:9:17: error: variable '$bindable DataModel' has initializer but incomplete type\n    9 | class $bindable DataModel {\n      |                 ^~~~~~~~~\nC:/Users/P - K/Downloads/cpp prop/reflection_metaclasses_paper/implementation/benchmarks/binding_reflection.cpp:10:1: error: expected primary-expression before 'public'\n   10 | public:\n      | ^~~~~~\nC:/Users/P - K/Downloads/cpp prop/reflection_metaclasses_paper/implementation/benchmarks/binding_reflection.cpp:10:1: error: expected '}' before 'public'\nC:/Users/P - K/Downloads/cpp prop/reflection_metaclasses_paper/implementation/benchmarks/binding_reflection.cpp:9:27: note: to match this '{'\n    9 | class $bindable DataModel {\n      |                           ^\nC:/Users/P - K/Downloads/cpp prop/reflection_metaclasses_paper/implementation/benchmarks/binding_reflection.cpp:10:1: error: expected ',' or ';' before 'public'\n   10 | public:\n      | ^~~~~~\nC:/Users/P - K/Downloads/cpp prop/reflection_metaclasses_paper/implementation/benchmarks/binding_reflection.cpp: In function 'void set_name(const string&)':\nC:/Users/P - K/Downloads/cpp prop/reflection_metaclasses_paper/implementation/benchmarks/binding_reflection.cpp:21:13: error: 'name' was not declared in this scope; did you mean 'tzname'?\n   21 |         if (name != new_name) {\n      |             ^~~~\n      |             tzname\nC:/Users/P - K/Downloads/cpp prop/reflection_metaclasses_paper/implementation/benchmarks/binding_reflection.cpp: At global scope:\nC:/Users/P - K/Downloads/cpp prop/reflection_metaclasses_paper/implementation/benchmarks/binding_reflection.cpp:59:1: error: expected declaration before '}' token\n   59 | };\n      | ^\nC:/Users/P - K/Downloads/cpp prop/reflection_metaclasses_paper/implementation/benchmarks/binding_reflection.cpp: In function 'void benchmark_binding_reflection()':\nC:/Users/P - K/Downloads/cpp prop/reflection_metaclasses_paper/implementation/benchmarks/binding_reflection.cpp:63:26: error: template argument 2 is invalid\n   63 |     std::vector<DataModel> models;\n      |                          ^\nC:/Users/P - K/Downloads/cpp prop/reflection_metaclasses_paper/implementation/benchmarks/binding_reflection.cpp:64:12: error: request for member 'reserve' in 'models', which is of non-class type 'int'\n   64 |     models.reserve(iterations);\n      |            ^~~~~~~\nC:/Users/P - K/Downloads/cpp prop/reflection_metaclasses_paper/implementation/benchmarks/binding_reflection.cpp:68:16: error: request for member 'emplace_back' in 'models', which is of non-class type 'int'\n   68 |         models.emplace_back();\n      |                ^~~~~~~~~~~~\nC:/Users/P - K/Downloads/cpp prop/reflection_metaclasses_paper/implementation/benchmarks/binding_reflection.cpp:69:15: error: invalid types 'int[int]' for array subscript\n   69 |         models[i].bind_name_changed([i]() { /* callback */ });\n      |               ^\nC:/Users/P - K/Downloads/cpp prop/reflection_metaclasses_paper/implementation/benchmarks/binding_reflection.cpp:70:15: error: invalid types 'int[int]' for array subscript\n   70 |         models[i].bind_value_changed([i]() { /* callback */ });\n      |               ^\nC:/Users/P - K/Downloads/cpp prop/reflection_metaclasses_paper/implementation/benchmarks/binding_reflection.cpp:71:15: error: invalid types 'int[int]' for array subscript\n   71 |         models[i].bind_active_changed([i]() { /* callback */ });\n      |               ^\nC:/Users/P - K/Downloads/cpp prop/reflection_metaclasses_paper/implementation/benchmarks/binding_reflection.cpp:78:15: error: invalid types 'int[int]' for array subscript\n   78 |         models[i].set_name(\"Name\" + std::to_string(i));\n      |               ^\nC:/Users/P - K/Downloads/cpp prop/reflection_metaclasses_paper/implementation/benchmarks/binding_reflection.cpp:79:15: error: invalid types 'int[int]' for array subscript\n   79 |         models[i].set_value(i * 2);\n      |               ^\nC:/Users/P - K/Downloads/cpp prop/reflection_metaclasses_paper/implementation/benchmarks/binding_reflection.cpp:80:15: error: invalid types 'int[int]' for array subscript\n   80 |         models[i].set_active(i % 2 == 0);\n      |               ^\n",
        "success": false
      },
      {
        "name": "binding_traditional.cpp",
        "compilation_time": 2.8609747886657715,
        "execution_time": 0.6372699737548828,
        "binary_size": 19463984,
        "output": "\\nBinding Traditional: 2000 microseconds\nProperty updates per second: 3.75e+07\n",
        "success": true
      }
    ],
    "pattern": [
      {
        "name": "pattern_reflection.cpp",
        "compilation_time": 0.908200740814209,
        "execution_time": 0,
        "binary_size": 0,
        "output": "Compilation failed:\\nC:/Users/P - K/Downloads/cpp prop/reflection_metaclasses_paper/implementation/benchmarks/pattern_reflection.cpp:9:19: error: variable '$observable Subject' has initializer but incomplete type\n    9 | class $observable Subject {\n      |                   ^~~~~~~\nC:/Users/P - K/Downloads/cpp prop/reflection_metaclasses_paper/implementation/benchmarks/pattern_reflection.cpp:10:1: error: expected primary-expression before 'private'\n   10 | private:\n      | ^~~~~~~\nC:/Users/P - K/Downloads/cpp prop/reflection_metaclasses_paper/implementation/benchmarks/pattern_reflection.cpp:10:1: error: expected '}' before 'private'\nC:/Users/P - K/Downloads/cpp prop/reflection_metaclasses_paper/implementation/benchmarks/pattern_reflection.cpp:9:27: note: to match this '{'\n    9 | class $observable Subject {\n      |                           ^\nC:/Users/P - K/Downloads/cpp prop/reflection_metaclasses_paper/implementation/benchmarks/pattern_reflection.cpp:10:1: error: expected ',' or ';' before 'private'\n   10 | private:\n      | ^~~~~~~\nC:/Users/P - K/Downloads/cpp prop/reflection_metaclasses_paper/implementation/benchmarks/pattern_reflection.cpp:12:22: error: 'function' is not a member of 'std'\n   12 |     std::vector<std::function<void(const std::string&)>> observers_;\n      |                      ^~~~~~~~\nC:/Users/P - K/Downloads/cpp prop/reflection_metaclasses_paper/implementation/benchmarks/pattern_reflection.cpp:7:1: note: 'std::function' is defined in header '<functional>'; did you forget to '#include <functional>'?\n    6 | #include <memory>\n  +++ |+#include <functional>\n    7 | \nC:/Users/P - K/Downloads/cpp prop/reflection_metaclasses_paper/implementation/benchmarks/pattern_reflection.cpp:12:55: error: template argument 1 is invalid\n   12 |     std::vector<std::function<void(const std::string&)>> observers_;\n      |                                                       ^~\nC:/Users/P - K/Downloads/cpp prop/reflection_metaclasses_paper/implementation/benchmarks/pattern_reflection.cpp:12:55: error: template argument 2 is invalid\nC:/Users/P - K/Downloads/cpp prop/reflection_metaclasses_paper/implementation/benchmarks/pattern_reflection.cpp:14:1: error: expected unqualified-id before 'public'\n   14 | public:\n      | ^~~~~~\nC:/Users/P - K/Downloads/cpp prop/reflection_metaclasses_paper/implementation/benchmarks/pattern_reflection.cpp:22:36: error: non-member function 'const string& get_state()' cannot have cv-qualifier\n   22 |     const std::string& get_state() const { return state_; }\n      |                                    ^~~~~\nC:/Users/P - K/Downloads/cpp prop/reflection_metaclasses_paper/implementation/benchmarks/pattern_reflection.cpp: In function 'const string& get_state()':\nC:/Users/P - K/Downloads/cpp prop/reflection_metaclasses_paper/implementation/benchmarks/pattern_reflection.cpp:22:51: error: 'state_' was not declared in this scope; did you mean 'stat'?\n   22 |     const std::string& get_state() const { return state_; }\n      |                                                   ^~~~~~\n      |                                                   stat\nC:/Users/P - K/Downloads/cpp prop/reflection_metaclasses_paper/implementation/benchmarks/pattern_reflection.cpp: At global scope:\nC:/Users/P - K/Downloads/cpp prop/reflection_metaclasses_paper/implementation/benchmarks/pattern_reflection.cpp:25:10: error: variable or field 'add_observer' declared void\n   25 |     void add_observer(std::function<void(const std::string&)> observer) {\n      |          ^~~~~~~~~~~~\nC:/Users/P - K/Downloads/cpp prop/reflection_metaclasses_paper/implementation/benchmarks/pattern_reflection.cpp:25:28: error: 'function' is not a member of 'std'\n   25 |     void add_observer(std::function<void(const std::string&)> observer) {\n      |                            ^~~~~~~~\nC:/Users/P - K/Downloads/cpp prop/reflection_metaclasses_paper/implementation/benchmarks/pattern_reflection.cpp:25:28: note: 'std::function' is defined in header '<functional>'; did you forget to '#include <functional>'?\nC:/Users/P - K/Downloads/cpp prop/reflection_metaclasses_paper/implementation/benchmarks/pattern_reflection.cpp:25:37: error: expected primary-expression before 'void'\n   25 |     void add_observer(std::function<void(const std::string&)> observer) {\n      |                                     ^~~~\nC:/Users/P - K/Downloads/cpp prop/reflection_metaclasses_paper/implementation/benchmarks/pattern_reflection.cpp: In function 'void remove_observer(size_t)':\nC:/Users/P - K/Downloads/cpp prop/reflection_metaclasses_paper/implementation/benchmarks/pattern_reflection.cpp:30:32: error: request for member 'size' in 'observers_', which is of non-class type 'int'\n   30 |         if (index < observers_.size()) {\n      |                                ^~~~\nC:/Users/P - K/Downloads/cpp prop/reflection_metaclasses_paper/implementation/benchmarks/pattern_reflection.cpp:31:24: error: request for member 'erase' in 'observers_', which is of non-class type 'int'\n   31 |             observers_.erase(observers_.begin() + index);\n      |                        ^~~~~\nC:/Users/P - K/Downloads/cpp prop/reflection_metaclasses_paper/implementation/benchmarks/pattern_reflection.cpp:31:41: error: request for member 'begin' in 'observers_', which is of non-class type 'int'\n   31 |             observers_.erase(observers_.begin() + index);\n      |                                         ^~~~~\nC:/Users/P - K/Downloads/cpp prop/reflection_metaclasses_paper/implementation/benchmarks/pattern_reflection.cpp: In function 'void notify_observers()':\nC:/Users/P - K/Downloads/cpp prop/reflection_metaclasses_paper/implementation/benchmarks/pattern_reflection.cpp:36:31: error: 'begin' was not declared in this scope\n   36 |         for (auto& observer : observers_) {\n      |                               ^~~~~~~~~~\nC:/Users/P - K/Downloads/cpp prop/reflection_metaclasses_paper/implementation/benchmarks/pattern_reflection.cpp:36:31: note: suggested alternatives:\nIn file included from c:\\msys64\\usr\\include\\c++\\10.3.0\\string:54,\n                 from c:\\msys64\\usr\\include\\c++\\10.3.0\\bits\\locale_classes.h:40,\n                 from c:\\msys64\\usr\\include\\c++\\10.3.0\\bits\\ios_base.h:41,\n                 from c:\\msys64\\usr\\include\\c++\\10.3.0\\ios:42,\n                 from c:\\msys64\\usr\\include\\c++\\10.3.0\\ostream:38,\n                 from c:\\msys64\\usr\\include\\c++\\10.3.0\\iostream:39,\n                 from C:/Users/P - K/Downloads/cpp prop/reflection_metaclasses_paper/implementation/benchmarks/pattern_reflection.cpp:2:\nc:\\msys64\\usr\\include\\c++\\10.3.0\\bits\\range_access.h:108:37: note:   'std::begin'\n  108 |   template<typename _Tp> const _Tp* begin(const valarray<_Tp>&);\n      |                                     ^~~~~\nIn file included from c:\\msys64\\usr\\include\\c++\\10.3.0\\bits\\stl_iterator_base_types.h:71,\n                 from c:\\msys64\\usr\\include\\c++\\10.3.0\\bits\\stl_algobase.h:65,\n                 from c:\\msys64\\usr\\include\\c++\\10.3.0\\bits\\char_traits.h:39,\n                 from c:\\msys64\\usr\\include\\c++\\10.3.0\\ios:40,\n                 from c:\\msys64\\usr\\include\\c++\\10.3.0\\ostream:38,\n                 from c:\\msys64\\usr\\include\\c++\\10.3.0\\iostream:39,\n                 from C:/Users/P - K/Downloads/cpp prop/reflection_metaclasses_paper/implementation/benchmarks/pattern_reflection.cpp:2:\nc:\\msys64\\usr\\include\\c++\\10.3.0\\bits\\iterator_concepts.h:896:10: note:   'std::__detail::begin'\n  896 |     void begin(const auto&) = delete;\n      |          ^~~~~\nIn file included from c:\\msys64\\usr\\include\\c++\\10.3.0\\string:54,\n                 from c:\\msys64\\usr\\include\\c++\\10.3.0\\bits\\locale_classes.h:40,\n                 from c:\\msys64\\usr\\include\\c++\\10.3.0\\bits\\ios_base.h:41,\n                 from c:\\msys64\\usr\\include\\c++\\10.3.0\\ios:42,\n                 from c:\\msys64\\usr\\include\\c++\\10.3.0\\ostream:38,\n                 from c:\\msys64\\usr\\include\\c++\\10.3.0\\iostream:39,\n                 from C:/Users/P - K/Downloads/cpp prop/reflection_metaclasses_paper/implementation/benchmarks/pattern_reflection.cpp:2:\nc:\\msys64\\usr\\include\\c++\\10.3.0\\bits\\range_access.h:855:44: note:   'std::ranges::__cust::begin'\n  855 |     inline constexpr __cust_access::_Begin begin{};\n      |                                            ^~~~~\nC:/Users/P - K/Downloads/cpp prop/reflection_metaclasses_paper/implementation/benchmarks/pattern_reflection.cpp:36:31: error: 'end' was not declared in this scope\n   36 |         for (auto& observer : observers_) {\n      |                               ^~~~~~~~~~\nC:/Users/P - K/Downloads/cpp prop/reflection_metaclasses_paper/implementation/benchmarks/pattern_reflection.cpp:36:31: note: suggested alternatives:\nIn file included from c:\\msys64\\usr\\include\\c++\\10.3.0\\string:54,\n                 from c:\\msys64\\usr\\include\\c++\\10.3.0\\bits\\locale_classes.h:40,\n                 from c:\\msys64\\usr\\include\\c++\\10.3.0\\bits\\ios_base.h:41,\n                 from c:\\msys64\\usr\\include\\c++\\10.3.0\\ios:42,\n                 from c:\\msys64\\usr\\include\\c++\\10.3.0\\ostream:38,\n                 from c:\\msys64\\usr\\include\\c++\\10.3.0\\iostream:39,\n                 from C:/Users/P - K/Downloads/cpp prop/reflection_metaclasses_paper/implementation/benchmarks/pattern_reflection.cpp:2:\nc:\\msys64\\usr\\include\\c++\\10.3.0\\bits\\range_access.h:110:37: note:   'std::end'\n  110 |   template<typename _Tp> const _Tp* end(const valarray<_Tp>&);\n      |                                     ^~~\nc:\\msys64\\usr\\include\\c++\\10.3.0\\bits\\range_access.h:856:42: note:   'std::ranges::__cust::end'\n  856 |     inline constexpr __cust_access::_End end{};\n      |                                          ^~~\nc:\\msys64\\usr\\include\\c++\\10.3.0\\bits\\range_access.h:434:10: note:   'std::ranges::__cust_access::end'\n  434 |     void end(const auto&) = delete;\n      |          ^~~\nC:/Users/P - K/Downloads/cpp prop/reflection_metaclasses_paper/implementation/benchmarks/pattern_reflection.cpp:37:22: error: 'state_' was not declared in this scope; did you mean 'stat'?\n   37 |             observer(state_);\n      |                      ^~~~~~\n      |                      stat\nC:/Users/P - K/Downloads/cpp prop/reflection_metaclasses_paper/implementation/benchmarks/pattern_reflection.cpp: At global scope:\nC:/Users/P - K/Downloads/cpp prop/reflection_metaclasses_paper/implementation/benchmarks/pattern_reflection.cpp:40:1: error: expected declaration before '}' token\n   40 | };\n      | ^\nC:/Users/P - K/Downloads/cpp prop/reflection_metaclasses_paper/implementation/benchmarks/pattern_reflection.cpp: In function 'void benchmark_pattern_reflection()':\nC:/Users/P - K/Downloads/cpp prop/reflection_metaclasses_paper/implementation/benchmarks/pattern_reflection.cpp:46:24: error: template argument 2 is invalid\n   46 |     std::vector<Subject> subjects;\n      |                        ^\nC:/Users/P - K/Downloads/cpp prop/reflection_metaclasses_paper/implementation/benchmarks/pattern_reflection.cpp:47:14: error: request for member 'reserve' in 'subjects', which is of non-class type 'int'\n   47 |     subjects.reserve(iterations);\n      |              ^~~~~~~\nC:/Users/P - K/Downloads/cpp prop/reflection_metaclasses_paper/implementation/benchmarks/pattern_reflection.cpp:51:18: error: request for member 'emplace_back' in 'subjects', which is of non-class type 'int'\n   51 |         subjects.emplace_back();\n      |                  ^~~~~~~~~~~~\nC:/Users/P - K/Downloads/cpp prop/reflection_metaclasses_paper/implementation/benchmarks/pattern_reflection.cpp:53:21: error: invalid types 'int[int]' for array subscript\n   53 |             subjects[i].add_observer([i, j](const std::string& state) {\n      |                     ^\nC:/Users/P - K/Downloads/cpp prop/reflection_metaclasses_paper/implementation/benchmarks/pattern_reflection.cpp: In lambda function:\nC:/Users/P - K/Downloads/cpp prop/reflection_metaclasses_paper/implementation/benchmarks/pattern_reflection.cpp:53:64: warning: unused parameter 'state' [-Wunused-parameter]\n   53 |             subjects[i].add_observer([i, j](const std::string& state) {\n      |                                             ~~~~~~~~~~~~~~~~~~~^~~~~\nC:/Users/P - K/Downloads/cpp prop/reflection_metaclasses_paper/implementation/benchmarks/pattern_reflection.cpp: In function 'void benchmark_pattern_reflection()':\nC:/Users/P - K/Downloads/cpp prop/reflection_metaclasses_paper/implementation/benchmarks/pattern_reflection.cpp:63:17: error: invalid types 'int[int]' for array subscript\n   63 |         subjects[i].set_state(\"State\" + std::to_string(i));\n      |                 ^\n",
        "success": false
      },
      {
        "name": "pattern_traditional.cpp",
        "compilation_time": 1.6360750198364258,
        "execution_time": 0,
        "binary_size": 0,
        "output": "Compilation failed:\\nC:/Users/P - K/Downloads/cpp prop/reflection_metaclasses_paper/implementation/benchmarks/pattern_traditional.cpp: In member function 'void Subject::notify_observers()':\nC:/Users/P - K/Downloads/cpp prop/reflection_metaclasses_paper/implementation/benchmarks/pattern_traditional.cpp:44:37: error: 'class std::shared_ptr<Observer>' has no member named 'lock'\n   44 |             if (auto obs = observer.lock ? observer : observer) {\n      |                                     ^~~~\nC:/Users/P - K/Downloads/cpp prop/reflection_metaclasses_paper/implementation/benchmarks/pattern_traditional.cpp: In member function 'virtual void ConcreteObserver::update(const string&)':\nC:/Users/P - K/Downloads/cpp prop/reflection_metaclasses_paper/implementation/benchmarks/pattern_traditional.cpp:58:36: warning: unused parameter 'state' [-Wunused-parameter]\n   58 |     void update(const std::string& state) override {\n      |                 ~~~~~~~~~~~~~~~~~~~^~~~~\n",
        "success": false
      }
    ],
    "template": [
      {
        "name": "template_reflection.cpp",
        "compilation_time": 0.7132465839385986,
        "execution_time": 0,
        "binary_size": 0,
        "output": "Compilation failed:\\nC:/Users/P - K/Downloads/cpp prop/reflection_metaclasses_paper/implementation/benchmarks/template_reflection.cpp:11:1: error: expected primary-expression before 'private'\n   11 | private:\n      | ^~~~~~~\nC:/Users/P - K/Downloads/cpp prop/reflection_metaclasses_paper/implementation/benchmarks/template_reflection.cpp:11:1: error: expected '}' before 'private'\nC:/Users/P - K/Downloads/cpp prop/reflection_metaclasses_paper/implementation/benchmarks/template_reflection.cpp:10:30: note: to match this '{'\n   10 | class $reflectable Container {\n      |                              ^\nC:/Users/P - K/Downloads/cpp prop/reflection_metaclasses_paper/implementation/benchmarks/template_reflection.cpp:10:31: error: expected ';' before 'private'\n   10 | class $reflectable Container {\n      |                               ^\n      |                               ;\n   11 | private:\n      | ~~~~~~~                        \nC:/Users/P - K/Downloads/cpp prop/reflection_metaclasses_paper/implementation/benchmarks/template_reflection.cpp:14:1: error: expected unqualified-id before 'public'\n   14 | public:\n      | ^~~~~~\nC:/Users/P - K/Downloads/cpp prop/reflection_metaclasses_paper/implementation/benchmarks/template_reflection.cpp:17:19: error: non-member function 'size_t size()' cannot have cv-qualifier\n   17 |     size_t size() const { return data_.size(); }\n      |                   ^~~~~\nC:/Users/P - K/Downloads/cpp prop/reflection_metaclasses_paper/implementation/benchmarks/template_reflection.cpp: In function 'size_t size()':\nC:/Users/P - K/Downloads/cpp prop/reflection_metaclasses_paper/implementation/benchmarks/template_reflection.cpp:17:34: error: 'data_' was not declared in this scope\n   17 |     size_t size() const { return data_.size(); }\n      |                                  ^~~~~\nC:/Users/P - K/Downloads/cpp prop/reflection_metaclasses_paper/implementation/benchmarks/template_reflection.cpp: In function 'std::string get_type_name()':\nC:/Users/P - K/Downloads/cpp prop/reflection_metaclasses_paper/implementation/benchmarks/template_reflection.cpp:21:31: error: 'get_element_type_name' was not declared in this scope\n   21 |         return \"Container<\" + get_element_type_name() + \">\";\n      |                               ^~~~~~~~~~~~~~~~~~~~~\nC:/Users/P - K/Downloads/cpp prop/reflection_metaclasses_paper/implementation/benchmarks/template_reflection.cpp: In function 'std::string get_element_type_name()':\nC:/Users/P - K/Downloads/cpp prop/reflection_metaclasses_paper/implementation/benchmarks/template_reflection.cpp:25:23: error: 'T' was not declared in this scope\n   25 |         return typeid(T).name();\n      |                       ^\nC:/Users/P - K/Downloads/cpp prop/reflection_metaclasses_paper/implementation/benchmarks/template_reflection.cpp: At global scope:\nC:/Users/P - K/Downloads/cpp prop/reflection_metaclasses_paper/implementation/benchmarks/template_reflection.cpp:29:29: error: non-member function 'std::string serialize()' cannot have cv-qualifier\n   29 |     std::string serialize() const {\n      |                             ^~~~~\nC:/Users/P - K/Downloads/cpp prop/reflection_metaclasses_paper/implementation/benchmarks/template_reflection.cpp: In function 'std::string serialize()':\nC:/Users/P - K/Downloads/cpp prop/reflection_metaclasses_paper/implementation/benchmarks/template_reflection.cpp:31:32: error: 'data_' was not declared in this scope\n   31 |         for (size_t i = 0; i < data_.size(); ++i) {\n      |                                ^~~~~\nC:/Users/P - K/Downloads/cpp prop/reflection_metaclasses_paper/implementation/benchmarks/template_reflection.cpp:33:23: error: 'serialize_element' was not declared in this scope\n   33 |             result += serialize_element(data_[i]);\n      |                       ^~~~~~~~~~~~~~~~~\nC:/Users/P - K/Downloads/cpp prop/reflection_metaclasses_paper/implementation/benchmarks/template_reflection.cpp: At global scope:\nC:/Users/P - K/Downloads/cpp prop/reflection_metaclasses_paper/implementation/benchmarks/template_reflection.cpp:39:1: error: expected unqualified-id before 'private'\n   39 | private:\n      | ^~~~~~~\nC:/Users/P - K/Downloads/cpp prop/reflection_metaclasses_paper/implementation/benchmarks/template_reflection.cpp:47:1: error: expected declaration before '}' token\n   47 | };\n      | ^\nC:/Users/P - K/Downloads/cpp prop/reflection_metaclasses_paper/implementation/benchmarks/template_reflection.cpp: In instantiation of '$reflectable Container<int>':\nC:/Users/P - K/Downloads/cpp prop/reflection_metaclasses_paper/implementation/benchmarks/template_reflection.cpp:52:5:   required from here\nC:/Users/P - K/Downloads/cpp prop/reflection_metaclasses_paper/implementation/benchmarks/template_reflection.cpp:10:20: error: '$reflectable Container<int>' has incomplete type\n   10 | class $reflectable Container {\n      |                    ^~~~~~~~~\nC:/Users/P - K/Downloads/cpp prop/reflection_metaclasses_paper/implementation/benchmarks/template_reflection.cpp: In function 'void benchmark_template_reflection()':\nC:/Users/P - K/Downloads/cpp prop/reflection_metaclasses_paper/implementation/benchmarks/template_reflection.cpp:52:19: error: expected ';' before 'int_container'\n   52 |     Container<int> int_container;\n      |                   ^~~~~~~~~~~~~~\n      |                   ;\nC:/Users/P - K/Downloads/cpp prop/reflection_metaclasses_paper/implementation/benchmarks/template_reflection.cpp: In instantiation of '$reflectable Container<std::__cxx11::basic_string<char> >':\nC:/Users/P - K/Downloads/cpp prop/reflection_metaclasses_paper/implementation/benchmarks/template_reflection.cpp:53:5:   required from here\nC:/Users/P - K/Downloads/cpp prop/reflection_metaclasses_paper/implementation/benchmarks/template_reflection.cpp:10:20: error: '$reflectable Container<std::__cxx11::basic_string<char> >' has incomplete type\n   10 | class $reflectable Container {\n      |                    ^~~~~~~~~\nC:/Users/P - K/Downloads/cpp prop/reflection_metaclasses_paper/implementation/benchmarks/template_reflection.cpp:53:27: error: expected ';' before 'string_container'\n   53 |     Container<std::string> string_container;\n      |                           ^~~~~~~~~~~~~~~~~\n      |                           ;\nC:/Users/P - K/Downloads/cpp prop/reflection_metaclasses_paper/implementation/benchmarks/template_reflection.cpp: In instantiation of '$reflectable Container<double>':\nC:/Users/P - K/Downloads/cpp prop/reflection_metaclasses_paper/implementation/benchmarks/template_reflection.cpp:54:5:   required from here\nC:/Users/P - K/Downloads/cpp prop/reflection_metaclasses_paper/implementation/benchmarks/template_reflection.cpp:10:20: error: '$reflectable Container<double>' has incomplete type\n   10 | class $reflectable Container {\n      |                    ^~~~~~~~~\nC:/Users/P - K/Downloads/cpp prop/reflection_metaclasses_paper/implementation/benchmarks/template_reflection.cpp:54:22: error: expected ';' before 'double_container'\n   54 |     Container<double> double_container;\n      |                      ^~~~~~~~~~~~~~~~~\n      |                      ;\nC:/Users/P - K/Downloads/cpp prop/reflection_metaclasses_paper/implementation/benchmarks/template_reflection.cpp:60:9: error: 'int_container' was not declared in this scope; did you mean 'Container'?\n   60 |         int_container.add(i);\n      |         ^~~~~~~~~~~~~\n      |         Container\nC:/Users/P - K/Downloads/cpp prop/reflection_metaclasses_paper/implementation/benchmarks/template_reflection.cpp:61:9: error: 'string_container' was not declared in this scope\n   61 |         string_container.add(\"item\" + std::to_string(i));\n      |         ^~~~~~~~~~~~~~~~\nC:/Users/P - K/Downloads/cpp prop/reflection_metaclasses_paper/implementation/benchmarks/template_reflection.cpp:62:9: error: 'double_container' was not declared in this scope\n   62 |         double_container.add(i * 3.14);\n      |         ^~~~~~~~~~~~~~~~\nC:/Users/P - K/Downloads/cpp prop/reflection_metaclasses_paper/implementation/benchmarks/template_reflection.cpp: At global scope:\nC:/Users/P - K/Downloads/cpp prop/reflection_metaclasses_paper/implementation/benchmarks/template_reflection.cpp:24:24: warning: 'std::string get_element_type_name()' defined but not used [-Wunused-function]\n   24 |     static std::string get_element_type_name() {\n      |                        ^~~~~~~~~~~~~~~~~~~~~\nC:/Users/P - K/Downloads/cpp prop/reflection_metaclasses_paper/implementation/benchmarks/template_reflection.cpp:20:24: warning: 'std::string get_type_name()' defined but not used [-Wunused-function]\n   20 |     static std::string get_type_name() {\n      |                        ^~~~~~~~~~~~~\n",
        "success": false
      },
      {
        "name": "template_traditional.cpp",
        "compilation_time": 3.4167585372924805,
        "execution_time": 1.7501473426818848,
        "binary_size": 20769739,
        "output": "\\nTemplate Traditional: 1071822 microseconds\nOperations per second: 46649.5\n",
        "success": true
      }
    ]
  },
  "compiler_info": {
    "gcc": {
      "command": "g++",
      "flags": [
        "-std=c++20",
        "-O2",
        "-Wall",
        "-Wextra"
      ]
    }
  }
}